# JRE version: Java(TM) SE Runtime Environment (8.0_171-b11) (build 1.8.0_171-b11)
# Java VM: Java HotSpot(TM) 64-Bit Server VM (25.171-b11 mixed mode windows-amd64 compressed oops)
Heap:
 PSYoungGen      total 126464K, used 18182K [0x00000000d5d00000, 0x00000000de200000, 0x0000000100000000)
  eden space 116736K, 15% used [0x00000000d5d00000,0x00000000d6ec1b28,0x00000000dcf00000)
  from space 9728K, 0% used [0x00000000dd880000,0x00000000dd880000,0x00000000de200000)
  to   space 9728K, 0% used [0x00000000dcf00000,0x00000000dcf00000,0x00000000dd880000)
 ParOldGen       total 84480K, used 18158K [0x0000000081600000, 0x0000000086880000, 0x00000000d5d00000)
  object space 84480K, 21% used [0x0000000081600000,0x00000000827bbb88,0x0000000086880000)
 Metaspace       used 35348K, capacity 37228K, committed 37504K, reserved 1083392K
  class space    used 4837K, capacity 5184K, committed 5248K, reserved 1048576K
GC Heap History (10 events):
Event: 12.194 GC heap before
{Heap before GC invocations=11 (full 1):
 PSYoungGen      total 126464K, used 125237K [0x00000000d5d00000, 0x00000000de200000, 0x0000000100000000)
  eden space 116736K, 100% used [0x00000000d5d00000,0x00000000dcf00000,0x00000000dcf00000)
  from space 9728K, 87% used [0x00000000dcf00000,0x00000000dd74d698,0x00000000dd880000)
  to   space 9728K, 0% used [0x00000000dd880000,0x00000000dd880000,0x00000000de200000)
 ParOldGen       total 52736K, used 7414K [0x0000000081600000, 0x0000000084980000, 0x00000000d5d00000)
  object space 52736K, 14% used [0x0000000081600000,0x0000000081d3d880,0x0000000084980000)
 Metaspace       used 32972K, capacity 34630K, committed 34816K, reserved 1079296K
  class space    used 4495K, capacity 4804K, committed 4864K, reserved 1048576K
Event: 12.208 GC heap after
Heap after GC invocations=11 (full 1):
 PSYoungGen      total 126464K, used 9707K [0x00000000d5d00000, 0x00000000de200000, 0x0000000100000000)
  eden space 116736K, 0% used [0x00000000d5d00000,0x00000000d5d00000,0x00000000dcf00000)
  from space 9728K, 99% used [0x00000000dd880000,0x00000000de1fae60,0x00000000de200000)
  to   space 9728K, 0% used [0x00000000dcf00000,0x00000000dcf00000,0x00000000dd880000)
 ParOldGen       total 52736K, used 11086K [0x0000000081600000, 0x0000000084980000, 0x00000000d5d00000)
  object space 52736K, 21% used [0x0000000081600000,0x00000000820d3a20,0x0000000084980000)
 Metaspace       used 32972K, capacity 34630K, committed 34816K, reserved 1079296K
  class space    used 4495K, capacity 4804K, committed 4864K, reserved 1048576K
}
Event: 12.757 GC heap before
{Heap before GC invocations=12 (full 1):
 PSYoungGen      total 126464K, used 78452K [0x00000000d5d00000, 0x00000000de200000, 0x0000000100000000)
  eden space 116736K, 58% used [0x00000000d5d00000,0x00000000da022338,0x00000000dcf00000)
  from space 9728K, 99% used [0x00000000dd880000,0x00000000de1fae60,0x00000000de200000)
  to   space 9728K, 0% used [0x00000000dcf00000,0x00000000dcf00000,0x00000000dd880000)
 ParOldGen       total 52736K, used 11086K [0x0000000081600000, 0x0000000084980000, 0x00000000d5d00000)
  object space 52736K, 21% used [0x0000000081600000,0x00000000820d3a20,0x0000000084980000)
 Metaspace       used 33586K, capacity 35300K, committed 35456K, reserved 1079296K
  class space    used 4555K, capacity 4873K, committed 4992K, reserved 1048576K
Event: 12.774 GC heap after
Heap after GC invocations=12 (full 1):
 PSYoungGen      total 126464K, used 4170K [0x00000000d5d00000, 0x00000000de200000, 0x0000000100000000)
  eden space 116736K, 0% used [0x00000000d5d00000,0x00000000d5d00000,0x00000000dcf00000)
  from space 9728K, 42% used [0x00000000dcf00000,0x00000000dd312930,0x00000000dd880000)
  to   space 9728K, 0% used [0x00000000dd880000,0x00000000dd880000,0x00000000de200000)
 ParOldGen       total 52736K, used 17596K [0x0000000081600000, 0x0000000084980000, 0x00000000d5d00000)
  object space 52736K, 33% used [0x0000000081600000,0x000000008272f1e8,0x0000000084980000)
 Metaspace       used 33586K, capacity 35300K, committed 35456K, reserved 1079296K
  class space    used 4555K, capacity 4873K, committed 4992K, reserved 1048576K
}
Event: 12.774 GC heap before
{Heap before GC invocations=13 (full 2):
 PSYoungGen      total 126464K, used 4170K [0x00000000d5d00000, 0x00000000de200000, 0x0000000100000000)
  eden space 116736K, 0% used [0x00000000d5d00000,0x00000000d5d00000,0x00000000dcf00000)
  from space 9728K, 42% used [0x00000000dcf00000,0x00000000dd312930,0x00000000dd880000)
  to   space 9728K, 0% used [0x00000000dd880000,0x00000000dd880000,0x00000000de200000)
 ParOldGen       total 52736K, used 17596K [0x0000000081600000, 0x0000000084980000, 0x00000000d5d00000)
  object space 52736K, 33% used [0x0000000081600000,0x000000008272f1e8,0x0000000084980000)
 Metaspace       used 33586K, capacity 35300K, committed 35456K, reserved 1079296K
  class space    used 4555K, capacity 4873K, committed 4992K, reserved 1048576K
Event: 12.909 GC heap after
Heap after GC invocations=13 (full 2):
 PSYoungGen      total 126464K, used 0K [0x00000000d5d00000, 0x00000000de200000, 0x0000000100000000)
  eden space 116736K, 0% used [0x00000000d5d00000,0x00000000d5d00000,0x00000000dcf00000)
  from space 9728K, 0% used [0x00000000dcf00000,0x00000000dcf00000,0x00000000dd880000)
  to   space 9728K, 0% used [0x00000000dd880000,0x00000000dd880000,0x00000000de200000)
 ParOldGen       total 84480K, used 18104K [0x0000000081600000, 0x0000000086880000, 0x00000000d5d00000)
  object space 84480K, 21% used [0x0000000081600000,0x00000000827ae180,0x0000000086880000)
 Metaspace       used 33586K, capacity 35300K, committed 35456K, reserved 1079296K
  class space    used 4555K, capacity 4873K, committed 4992K, reserved 1048576K
}
Event: 13.113 GC heap before
{Heap before GC invocations=14 (full 2):
 PSYoungGen      total 126464K, used 17983K [0x00000000d5d00000, 0x00000000de200000, 0x0000000100000000)
  eden space 116736K, 15% used [0x00000000d5d00000,0x00000000d6e8fd00,0x00000000dcf00000)
  from space 9728K, 0% used [0x00000000dcf00000,0x00000000dcf00000,0x00000000dd880000)
  to   space 9728K, 0% used [0x00000000dd880000,0x00000000dd880000,0x00000000de200000)
 ParOldGen       total 84480K, used 18104K [0x0000000081600000, 0x0000000086880000, 0x00000000d5d00000)
  object space 84480K, 21% used [0x0000000081600000,0x00000000827ae180,0x0000000086880000)
 Metaspace       used 34441K, capacity 36268K, committed 36352K, reserved 1085440K
  class space    used 4704K, capacity 5053K, committed 5120K, reserved 1048576K
Event: 13.118 GC heap after
Heap after GC invocations=14 (full 2):
 PSYoungGen      total 126464K, used 1286K [0x00000000d5d00000, 0x00000000de200000, 0x0000000100000000)
  eden space 116736K, 0% used [0x00000000d5d00000,0x00000000d5d00000,0x00000000dcf00000)
  from space 9728K, 13% used [0x00000000dd880000,0x00000000dd9c19d0,0x00000000de200000)
  to   space 9728K, 0% used [0x00000000dcf00000,0x00000000dcf00000,0x00000000dd880000)
 ParOldGen       total 84480K, used 18112K [0x0000000081600000, 0x0000000086880000, 0x00000000d5d00000)
  object space 84480K, 21% used [0x0000000081600000,0x00000000827b0180,0x0000000086880000)
 Metaspace       used 34441K, capacity 36268K, committed 36352K, reserved 1085440K
  class space    used 4704K, capacity 5053K, committed 5120K, reserved 1048576K
}
Event: 13.118 GC heap before
{Heap before GC invocations=15 (full 3):
 PSYoungGen      total 126464K, used 1286K [0x00000000d5d00000, 0x00000000de200000, 0x0000000100000000)
  eden space 116736K, 0% used [0x00000000d5d00000,0x00000000d5d00000,0x00000000dcf00000)
  from space 9728K, 13% used [0x00000000dd880000,0x00000000dd9c19d0,0x00000000de200000)
  to   space 9728K, 0% used [0x00000000dcf00000,0x00000000dcf00000,0x00000000dd880000)
 ParOldGen       total 84480K, used 18112K [0x0000000081600000, 0x0000000086880000, 0x00000000d5d00000)
  object space 84480K, 21% used [0x0000000081600000,0x00000000827b0180,0x0000000086880000)
 Metaspace       used 34441K, capacity 36268K, committed 36352K, reserved 1085440K
  class space    used 4704K, capacity 5053K, committed 5120K, reserved 1048576K
Event: 13.374 GC heap after
Heap after GC invocations=15 (full 3):
 PSYoungGen      total 126464K, used 0K [0x00000000d5d00000, 0x00000000de200000, 0x0000000100000000)
  eden space 116736K, 0% used [0x00000000d5d00000,0x00000000d5d00000,0x00000000dcf00000)
  from space 9728K, 0% used [0x00000000dd880000,0x00000000dd880000,0x00000000de200000)
  to   space 9728K, 0% used [0x00000000dcf00000,0x00000000dcf00000,0x00000000dd880000)
 ParOldGen       total 84480K, used 18158K [0x0000000081600000, 0x0000000086880000, 0x00000000d5d00000)
  object space 84480K, 21% used [0x0000000081600000,0x00000000827bbb88,0x0000000086880000)
 Metaspace       used 34441K, capacity 36268K, committed 36352K, reserved 1083392K
  class space    used 4704K, capacity 5053K, committed 5120K, reserved 1048576K
}

